c:\programdata\nvidia corporation\optix sdk 8.0.0\sdk\cmakefiles\generate.stamp
c:\programdata\nvidia corporation\optix sdk 8.0.0\sdk\optixboundvalues\cmakefiles\generate.stamp
c:\programdata\nvidia corporation\optix sdk 8.0.0\sdk\optixcallableprograms\cmakefiles\generate.stamp
c:\programdata\nvidia corporation\optix sdk 8.0.0\sdk\optixcompilewithtasks\cmakefiles\generate.stamp
c:\programdata\nvidia corporation\optix sdk 8.0.0\sdk\optixconsole\cmakefiles\generate.stamp
c:\programdata\nvidia corporation\optix sdk 8.0.0\sdk\optixcurves\cmakefiles\generate.stamp
c:\programdata\nvidia corporation\optix sdk 8.0.0\sdk\optixcustomprimitive\cmakefiles\generate.stamp
c:\programdata\nvidia corporation\optix sdk 8.0.0\sdk\optixcutouts\cmakefiles\generate.stamp
c:\programdata\nvidia corporation\optix sdk 8.0.0\sdk\optixdenoiser\cmakefiles\generate.stamp
c:\programdata\nvidia corporation\optix sdk 8.0.0\sdk\optixdisplacedmicromesh\cmakefiles\generate.stamp
c:\programdata\nvidia corporation\optix sdk 8.0.0\sdk\optixdynamicgeometry\cmakefiles\generate.stamp
c:\programdata\nvidia corporation\optix sdk 8.0.0\sdk\optixdynamicmaterials\cmakefiles\generate.stamp
c:\programdata\nvidia corporation\optix sdk 8.0.0\sdk\optixhair\cmakefiles\generate.stamp
c:\programdata\nvidia corporation\optix sdk 8.0.0\sdk\optixhello\cmakefiles\generate.stamp
c:\programdata\nvidia corporation\optix sdk 8.0.0\sdk\optixmeshviewer\cmakefiles\generate.stamp
c:\programdata\nvidia corporation\optix sdk 8.0.0\sdk\optixmodulecreateabort\cmakefiles\generate.stamp
c:\programdata\nvidia corporation\optix sdk 8.0.0\sdk\optixmotiongeometry\cmakefiles\generate.stamp
c:\programdata\nvidia corporation\optix sdk 8.0.0\sdk\optixmultigpu\cmakefiles\generate.stamp
c:\programdata\nvidia corporation\optix sdk 8.0.0\sdk\optixnvlink\cmakefiles\generate.stamp
c:\programdata\nvidia corporation\optix sdk 8.0.0\sdk\optixopticalflow\cmakefiles\generate.stamp
c:\programdata\nvidia corporation\optix sdk 8.0.0\sdk\optixopacitymicromap\cmakefiles\generate.stamp
c:\programdata\nvidia corporation\optix sdk 8.0.0\sdk\optixpathtracer\cmakefiles\generate.stamp
c:\programdata\nvidia corporation\optix sdk 8.0.0\sdk\optixraycasting\cmakefiles\generate.stamp
c:\programdata\nvidia corporation\optix sdk 8.0.0\sdk\optixribbons\cmakefiles\generate.stamp
c:\programdata\nvidia corporation\optix sdk 8.0.0\sdk\optixsimplemotionblur\cmakefiles\generate.stamp
c:\programdata\nvidia corporation\optix sdk 8.0.0\sdk\optixsphere\cmakefiles\generate.stamp
c:\programdata\nvidia corporation\optix sdk 8.0.0\sdk\optixtriangle\cmakefiles\generate.stamp
c:\programdata\nvidia corporation\optix sdk 8.0.0\sdk\optixvolumeviewer\cmakefiles\generate.stamp
c:\programdata\nvidia corporation\optix sdk 8.0.0\sdk\optixwhitted\cmakefiles\generate.stamp
c:\programdata\nvidia corporation\optix sdk 8.0.0\sdk\sutil\cmakefiles\generate.stamp
c:\programdata\nvidia corporation\optix sdk 8.0.0\sdk\support\cmakefiles\generate.stamp
c:\programdata\nvidia corporation\optix sdk 8.0.0\sdk\support\glfw\cmakefiles\generate.stamp
c:\programdata\nvidia corporation\optix sdk 8.0.0\sdk\support\glfw\src\cmakefiles\generate.stamp
c:\programdata\nvidia corporation\optix sdk 8.0.0\sdk\support\imgui\cmakefiles\generate.stamp
c:\programdata\nvidia corporation\optix sdk 8.0.0\sdk\x64\debug\zero_check\zero_check.tlog\custombuild.command.1.tlog
c:\programdata\nvidia corporation\optix sdk 8.0.0\sdk\x64\debug\zero_check\zero_check.tlog\custombuild.read.1.tlog
c:\programdata\nvidia corporation\optix sdk 8.0.0\sdk\x64\debug\zero_check\zero_check.tlog\custombuild.write.1.tlog
