c:\programdata\nvidia corporation\optix sdk 8.0.0\sdk\support\glfw\src\glfw.dir\debug\win32_init.obj
c:\programdata\nvidia corporation\optix sdk 8.0.0\sdk\support\glfw\src\glfw.dir\debug\monitor.obj
c:\programdata\nvidia corporation\optix sdk 8.0.0\sdk\support\glfw\src\glfw.dir\debug\egl_context.obj
c:\programdata\nvidia corporation\optix sdk 8.0.0\sdk\support\glfw\src\glfw.dir\debug\win32_time.obj
c:\programdata\nvidia corporation\optix sdk 8.0.0\sdk\support\glfw\src\glfw.dir\debug\win32_monitor.obj
c:\programdata\nvidia corporation\optix sdk 8.0.0\sdk\support\glfw\src\glfw.dir\debug\win32_window.obj
c:\programdata\nvidia corporation\optix sdk 8.0.0\sdk\support\glfw\src\glfw.dir\debug\win32_tls.obj
c:\programdata\nvidia corporation\optix sdk 8.0.0\sdk\support\glfw\src\glfw.dir\debug\window.obj
c:\programdata\nvidia corporation\optix sdk 8.0.0\sdk\support\glfw\src\glfw.dir\debug\wgl_context.obj
c:\programdata\nvidia corporation\optix sdk 8.0.0\sdk\support\glfw\src\glfw.dir\debug\context.obj
c:\programdata\nvidia corporation\optix sdk 8.0.0\sdk\support\glfw\src\glfw.dir\debug\vulkan.obj
c:\programdata\nvidia corporation\optix sdk 8.0.0\sdk\support\glfw\src\glfw.dir\debug\init.obj
c:\programdata\nvidia corporation\optix sdk 8.0.0\sdk\support\glfw\src\glfw.dir\debug\win32_joystick.obj
c:\programdata\nvidia corporation\optix sdk 8.0.0\sdk\support\glfw\src\glfw.dir\debug\input.obj
c:\programdata\nvidia corporation\optix sdk 8.0.0\sdk\support\glfw\src\glfw.dir\debug\vc142.pdb
c:\programdata\nvidia corporation\optix sdk 8.0.0\sdk\support\glfw\src\cmakefiles\generate.stamp
c:\programdata\nvidia corporation\optix sdk 8.0.0\sdk\lib\debug\glfw3dll.lib
c:\programdata\nvidia corporation\optix sdk 8.0.0\sdk\lib\debug\glfw3dll.exp
c:\programdata\nvidia corporation\optix sdk 8.0.0\sdk\support\glfw\src\glfw.dir\debug\glfw3.ilk
c:\programdata\nvidia corporation\optix sdk 8.0.0\sdk\bin\debug\glfw3.pdb
c:\programdata\nvidia corporation\optix sdk 8.0.0\sdk\bin\debug\glfw3.dll
c:\programdata\nvidia corporation\optix sdk 8.0.0\sdk\support\glfw\src\glfw.dir\debug\glfw.tlog\cl.12800.write.1.tlog
c:\programdata\nvidia corporation\optix sdk 8.0.0\sdk\support\glfw\src\glfw.dir\debug\glfw.tlog\cl.command.1.tlog
c:\programdata\nvidia corporation\optix sdk 8.0.0\sdk\support\glfw\src\glfw.dir\debug\glfw.tlog\cl.read.1.tlog
c:\programdata\nvidia corporation\optix sdk 8.0.0\sdk\support\glfw\src\glfw.dir\debug\glfw.tlog\custombuild.command.1.tlog
c:\programdata\nvidia corporation\optix sdk 8.0.0\sdk\support\glfw\src\glfw.dir\debug\glfw.tlog\custombuild.read.1.tlog
c:\programdata\nvidia corporation\optix sdk 8.0.0\sdk\support\glfw\src\glfw.dir\debug\glfw.tlog\custombuild.write.1.tlog
c:\programdata\nvidia corporation\optix sdk 8.0.0\sdk\support\glfw\src\glfw.dir\debug\glfw.tlog\glfw.write.1u.tlog
c:\programdata\nvidia corporation\optix sdk 8.0.0\sdk\support\glfw\src\glfw.dir\debug\glfw.tlog\link.command.1.tlog
c:\programdata\nvidia corporation\optix sdk 8.0.0\sdk\support\glfw\src\glfw.dir\debug\glfw.tlog\link.read.1.tlog
c:\programdata\nvidia corporation\optix sdk 8.0.0\sdk\support\glfw\src\glfw.dir\debug\glfw.tlog\link.write.1.tlog
